\BOOKMARK [1][-]{section.1}{Introduction}{}% 1
\BOOKMARK [1][-]{section.2}{Literature Review}{}% 2
\BOOKMARK [2][-]{subsection.2.1}{Data Analysis \046 Reasoning}{section.2}% 3
\BOOKMARK [2][-]{subsection.2.2}{Under \046 Oversampling}{section.2}% 4
\BOOKMARK [2][-]{subsection.2.3}{Social Media Web Scraping}{section.2}% 5
\BOOKMARK [2][-]{subsection.2.4}{Grid Search \046 K-Fold Cross Validation}{section.2}% 6
\BOOKMARK [1][-]{section.3}{Data Acquisition}{}% 7
\BOOKMARK [2][-]{subsection.3.1}{The dataset}{section.3}% 8
\BOOKMARK [2][-]{subsection.3.2}{Tweet Hydration}{section.3}% 9
\BOOKMARK [1][-]{section.4}{Data Pre-processing}{}% 10
\BOOKMARK [2][-]{subsection.4.1}{JSON to Data Frame}{section.4}% 11
\BOOKMARK [2][-]{subsection.4.2}{Web Scraping}{section.4}% 12
\BOOKMARK [2][-]{subsection.4.3}{Text Cleaning}{section.4}% 13
\BOOKMARK [1][-]{section.5}{Data Annotation}{}% 14
\BOOKMARK [1][-]{section.6}{NLP \046 Machine Learning Methods}{}% 15
\BOOKMARK [2][-]{subsection.6.1}{Sources of Measure}{section.6}% 16
\BOOKMARK [2][-]{subsection.6.2}{Model Details}{section.6}% 17
\BOOKMARK [2][-]{subsection.6.3}{Model Training}{section.6}% 18
\BOOKMARK [2][-]{subsection.6.4}{Bag-of-words \(BOW\)}{section.6}% 19
\BOOKMARK [2][-]{subsection.6.5}{Term Frequency-Inverse Document Frequency \(TF-IDF\)}{section.6}% 20
\BOOKMARK [2][-]{subsection.6.6}{Model Results}{section.6}% 21
\BOOKMARK [2][-]{subsection.6.7}{Results Discussion \046 Final Model Selection}{section.6}% 22
\BOOKMARK [1][-]{section.7}{Deriving Insights}{}% 23
\BOOKMARK [2][-]{subsection.7.1}{Dashboard}{section.7}% 24
\BOOKMARK [2][-]{subsection.7.2}{Global Calculated Fields}{section.7}% 25
\BOOKMARK [2][-]{subsection.7.3}{Sheets Overview}{section.7}% 26
\BOOKMARK [2][-]{subsection.7.4}{Dashboard use cases}{section.7}% 27
\BOOKMARK [1][-]{section.8}{Conclusion \046 Recommendations}{}% 28
\BOOKMARK [1][-]{section.9}{Appendix}{}% 29
