This is pdfTeX, Version 3.14159265-2.6-1.40.21 (TeX Live 2020) (preloaded format=pdflatex 2020.4.7)  31 AUG 2020 18:46
entering extended mode
 restricted \write18 enabled.
 file:line:error style messages enabled.
 %&-line parsing enabled.
**vaxxmisinfo_latex.tex
(./vaxxmisinfo_latex.tex
LaTeX2e <2020-02-02> patch level 5
L3 programming layer <2020-03-06>
(/usr/local/texlive/2020/texmf-dist/tex/latex/base/article.cls
Document Class: article 2019/12/20 v1.4l Standard LaTeX document class
(/usr/local/texlive/2020/texmf-dist/tex/latex/base/size12.clo
File: size12.clo 2019/12/20 v1.4l Standard LaTeX file (size option)
)
\c@part=\count167
\c@section=\count168
\c@subsection=\count169
\c@subsubsection=\count170
\c@paragraph=\count171
\c@subparagraph=\count172
\c@figure=\count173
\c@table=\count174
\abovecaptionskip=\skip47
\belowcaptionskip=\skip48
\bibindent=\dimen134
)
(/usr/local/texlive/2020/texmf-dist/tex/latex/booktabs/booktabs.sty
Package: booktabs 2020/01/12 v1.61803398 Publication quality tables
\heavyrulewidth=\dimen135
\lightrulewidth=\dimen136
\cmidrulewidth=\dimen137
\belowrulesep=\dimen138
\belowbottomsep=\dimen139
\aboverulesep=\dimen140
\abovetopsep=\dimen141
\cmidrulesep=\dimen142
\cmidrulekern=\dimen143
\defaultaddspace=\dimen144
\@cmidla=\count175
\@cmidlb=\count176
\@aboverulesep=\dimen145
\@belowrulesep=\dimen146
\@thisruleclass=\count177
\@lastruleclass=\count178
\@thisrulewidth=\dimen147
)
(./simplemargins.sty
Simplemargins margin control commands <15 Mar 93>.
\smpagewidth=\skip49
\smpageheight=\skip50
) (/usr/local/texlive/2020/texmf-dist/tex/latex/natbib/natbib.sty
Package: natbib 2010/09/13 8.31b (PWD, AO)
\bibhang=\skip51
\bibsep=\skip52
LaTeX Info: Redefining \cite on input line 694.
\c@NAT@ctr=\count179
)
(/usr/local/texlive/2020/texmf-dist/tex/latex/amsmath/amsmath.sty
Package: amsmath 2020/01/20 v2.17e AMS math features
\@mathmargin=\skip53

For additional information on amsmath, use the `?' option.
(/usr/local/texlive/2020/texmf-dist/tex/latex/amsmath/amstext.sty
Package: amstext 2000/06/29 v2.01 AMS text

(/usr/local/texlive/2020/texmf-dist/tex/latex/amsmath/amsgen.sty
File: amsgen.sty 1999/11/30 v2.0 generic functions
\@emptytoks=\toks15
\ex@=\dimen148
))
(/usr/local/texlive/2020/texmf-dist/tex/latex/amsmath/amsbsy.sty
Package: amsbsy 1999/11/29 v1.2d Bold Symbols
\pmbraise@=\dimen149
)
(/usr/local/texlive/2020/texmf-dist/tex/latex/amsmath/amsopn.sty
Package: amsopn 2016/03/08 v2.02 operator names
)
\inf@bad=\count180
LaTeX Info: Redefining \frac on input line 227.
\uproot@=\count181
\leftroot@=\count182
LaTeX Info: Redefining \overline on input line 389.
\classnum@=\count183
\DOTSCASE@=\count184
LaTeX Info: Redefining \ldots on input line 486.
LaTeX Info: Redefining \dots on input line 489.
LaTeX Info: Redefining \cdots on input line 610.
\Mathstrutbox@=\box45
\strutbox@=\box46
\big@size=\dimen150
LaTeX Font Info:    Redeclaring font encoding OML on input line 733.
LaTeX Font Info:    Redeclaring font encoding OMS on input line 734.
\macc@depth=\count185
\c@MaxMatrixCols=\count186
\dotsspace@=\muskip16
\c@parentequation=\count187
\dspbrk@lvl=\count188
\tag@help=\toks16
\row@=\count189
\column@=\count190
\maxfields@=\count191
\andhelp@=\toks17
\eqnshift@=\dimen151
\alignsep@=\dimen152
\tagshift@=\dimen153
\tagwidth@=\dimen154
\totwidth@=\dimen155
\lineht@=\dimen156
\@envbody=\toks18
\multlinegap=\skip54
\multlinetaggap=\skip55
\mathdisplay@stack=\toks19
LaTeX Info: Redefining \[ on input line 2859.
LaTeX Info: Redefining \] on input line 2860.
)
(/usr/local/texlive/2020/texmf-dist/tex/latex/amsfonts/amsfonts.sty
Package: amsfonts 2013/01/14 v3.01 Basic AMSFonts support
\symAMSa=\mathgroup4
\symAMSb=\mathgroup5
LaTeX Font Info:    Redeclaring math symbol \hbar on input line 98.
LaTeX Font Info:    Overwriting math alphabet `\mathfrak' in version `bold'
(Font)                  U/euf/m/n --> U/euf/b/n on input line 106.
)
(/usr/local/texlive/2020/texmf-dist/tex/latex/base/latexsym.sty
Package: latexsym 1998/08/17 v2.2e Standard LaTeX package (lasy symbols)
\symlasy=\mathgroup6
LaTeX Font Info:    Overwriting symbol font `lasy' in version `bold'
(Font)                  U/lasy/m/n --> U/lasy/b/n on input line 52.
)
(/usr/local/texlive/2020/texmf-dist/tex/latex/amsfonts/amssymb.sty
Package: amssymb 2013/01/14 v3.01 AMS font symbols
)
(/usr/local/texlive/2020/texmf-dist/tex/latex/graphics/color.sty
Package: color 2019/11/23 v1.2a Standard LaTeX Color (DPC)

(/usr/local/texlive/2020/texmf-dist/tex/latex/graphics-cfg/color.cfg
File: color.cfg 2016/01/02 v1.6 sample color configuration
)
Package color Info: Driver file: pdftex.def on input line 147.

(/usr/local/texlive/2020/texmf-dist/tex/latex/graphics-def/pdftex.def
File: pdftex.def 2018/01/08 v1.0l Graphics/color driver for pdftex
))
(/usr/local/texlive/2020/texmf-dist/tex/latex/hyperref/hyperref.sty
Package: hyperref 2020/01/14 v7.00d Hypertext links for LaTeX

(/usr/local/texlive/2020/texmf-dist/tex/generic/ltxcmds/ltxcmds.sty
Package: ltxcmds 2019/12/15 v1.24 LaTeX kernel commands for general use (HO)
)
(/usr/local/texlive/2020/texmf-dist/tex/generic/iftex/iftex.sty
Package: iftex 2020/03/06 v1.0d TeX engine tests
)
(/usr/local/texlive/2020/texmf-dist/tex/latex/pdftexcmds/pdftexcmds.sty
Package: pdftexcmds 2019/11/24 v0.31 Utility functions of pdfTeX for LuaTeX (HO
)

(/usr/local/texlive/2020/texmf-dist/tex/generic/infwarerr/infwarerr.sty
Package: infwarerr 2019/12/03 v1.5 Providing info/warning/error messages (HO)
)
Package pdftexcmds Info: \pdf@primitive is available.
Package pdftexcmds Info: \pdf@ifprimitive is available.
Package pdftexcmds Info: \pdfdraftmode found.
)
(/usr/local/texlive/2020/texmf-dist/tex/latex/graphics/keyval.sty
Package: keyval 2014/10/28 v1.15 key=value parser (DPC)
\KV@toks@=\toks20
)
(/usr/local/texlive/2020/texmf-dist/tex/generic/kvsetkeys/kvsetkeys.sty
Package: kvsetkeys 2019/12/15 v1.18 Key value parser (HO)
)
(/usr/local/texlive/2020/texmf-dist/tex/generic/kvdefinekeys/kvdefinekeys.sty
Package: kvdefinekeys 2019-12-19 v1.6 Define keys (HO)
)
(/usr/local/texlive/2020/texmf-dist/tex/generic/pdfescape/pdfescape.sty
Package: pdfescape 2019/12/09 v1.15 Implements pdfTeX's escape features (HO)
)
(/usr/local/texlive/2020/texmf-dist/tex/latex/hycolor/hycolor.sty
Package: hycolor 2020-01-27 v1.10 Color options for hyperref/bookmark (HO)
)
(/usr/local/texlive/2020/texmf-dist/tex/latex/letltxmacro/letltxmacro.sty
Package: letltxmacro 2019/12/03 v1.6 Let assignment for LaTeX macros (HO)
)
(/usr/local/texlive/2020/texmf-dist/tex/latex/auxhook/auxhook.sty
Package: auxhook 2019-12-17 v1.6 Hooks for auxiliary files (HO)
)
(/usr/local/texlive/2020/texmf-dist/tex/latex/kvoptions/kvoptions.sty
Package: kvoptions 2019/11/29 v3.13 Key value format for package options (HO)
)
\@linkdim=\dimen157
\Hy@linkcounter=\count192
\Hy@pagecounter=\count193

(/usr/local/texlive/2020/texmf-dist/tex/latex/hyperref/pd1enc.def
File: pd1enc.def 2020/01/14 v7.00d Hyperref: PDFDocEncoding definition (HO)
Now handling font encoding PD1 ...
... no UTF-8 mapping file for font encoding PD1
)
(/usr/local/texlive/2020/texmf-dist/tex/generic/intcalc/intcalc.sty
Package: intcalc 2019/12/15 v1.3 Expandable calculations with integers (HO)
)
(/usr/local/texlive/2020/texmf-dist/tex/generic/etexcmds/etexcmds.sty
Package: etexcmds 2019/12/15 v1.7 Avoid name clashes with e-TeX commands (HO)
)
\Hy@SavedSpaceFactor=\count194
Package hyperref Info: Option `colorlinks' set `true' on input line 4421.
Package hyperref Info: Hyper figures OFF on input line 4547.
Package hyperref Info: Link nesting OFF on input line 4552.
Package hyperref Info: Hyper index ON on input line 4555.
Package hyperref Info: Plain pages OFF on input line 4562.
Package hyperref Info: Backreferencing OFF on input line 4567.
Package hyperref Info: Implicit mode ON; LaTeX internals redefined.
Package hyperref Info: Bookmarks ON on input line 4800.
\c@Hy@tempcnt=\count195

(/usr/local/texlive/2020/texmf-dist/tex/latex/url/url.sty
\Urlmuskip=\muskip17
Package: url 2013/09/16  ver 3.4  Verb mode for urls, etc.
)
LaTeX Info: Redefining \url on input line 5159.
\XeTeXLinkMargin=\dimen158

(/usr/local/texlive/2020/texmf-dist/tex/generic/bitset/bitset.sty
Package: bitset 2019/12/09 v1.3 Handle bit-vector datatype (HO)

(/usr/local/texlive/2020/texmf-dist/tex/generic/bigintcalc/bigintcalc.sty
Package: bigintcalc 2019/12/15 v1.5 Expandable calculations on big integers (HO
)
))
\Fld@menulength=\count196
\Field@Width=\dimen159
\Fld@charsize=\dimen160
Package hyperref Info: Hyper figures OFF on input line 6430.
Package hyperref Info: Link nesting OFF on input line 6435.
Package hyperref Info: Hyper index ON on input line 6438.
Package hyperref Info: backreferencing OFF on input line 6445.
Package hyperref Info: Link coloring ON on input line 6448.
Package hyperref Info: Link coloring with OCG OFF on input line 6455.
Package hyperref Info: PDF/A mode OFF on input line 6460.
LaTeX Info: Redefining \ref on input line 6500.
LaTeX Info: Redefining \pageref on input line 6504.

(/usr/local/texlive/2020/texmf-dist/tex/generic/atbegshi/atbegshi.sty
Package: atbegshi 2019/12/05 v1.19 At begin shipout hook (HO)
)
\Hy@abspage=\count197
\c@Item=\count198
\c@Hfootnote=\count199
)
Package hyperref Info: Driver (autodetected): hpdftex.

(/usr/local/texlive/2020/texmf-dist/tex/latex/hyperref/hpdftex.def
File: hpdftex.def 2020/01/14 v7.00d Hyperref driver for pdfTeX

(/usr/local/texlive/2020/texmf-dist/tex/latex/atveryend/atveryend.sty
Package: atveryend 2019-12-11 v1.11 Hooks at the very end of document (HO)
Package atveryend Info: \enddocument detected (standard20110627).
)
\Fld@listcount=\count266
\c@bookmark@seq@number=\count267

(/usr/local/texlive/2020/texmf-dist/tex/latex/rerunfilecheck/rerunfilecheck.sty
Package: rerunfilecheck 2019/12/05 v1.9 Rerun checks for auxiliary files (HO)

(/usr/local/texlive/2020/texmf-dist/tex/generic/uniquecounter/uniquecounter.sty
Package: uniquecounter 2019/12/15 v1.4 Provide unlimited unique counter (HO)
)
Package uniquecounter Info: New unique counter `rerunfilecheck' on input line 2
86.
)
\Hy@SectionHShift=\skip56
) (/usr/local/texlive/2020/texmf-dist/tex/latex/subfigure/subfigure.sty
Package: subfigure 2002/03/15 v2.1.5 subfigure package
\subfigtopskip=\skip57
\subfigcapskip=\skip58
\subfigcaptopadj=\dimen161
\subfigbottomskip=\skip59
\subfigcapmargin=\dimen162
\subfiglabelskip=\skip60
\c@subfigure=\count268
\c@lofdepth=\count269
\c@subtable=\count270
\c@lotdepth=\count271

****************************************
* Local config file subfigure.cfg used *
****************************************
(/usr/local/texlive/2020/texmf-dist/tex/latex/subfigure/subfigure.cfg)
\subfig@top=\skip61
\subfig@bottom=\skip62
)
(/usr/local/texlive/2020/texmf-dist/tex/latex/tools/tabularx.sty
Package: tabularx 2020/01/15 v2.11c `tabularx' package (DPC)

(/usr/local/texlive/2020/texmf-dist/tex/latex/tools/array.sty
Package: array 2019/08/31 v2.4l Tabular extension package (FMi)
\col@sep=\dimen163
\ar@mcellbox=\box47
\extrarowheight=\dimen164
\NC@list=\toks21
\extratabsurround=\skip63
\backup@length=\skip64
\ar@cellbox=\box48
)
\TX@col@width=\dimen165
\TX@old@table=\dimen166
\TX@old@col=\dimen167
\TX@target=\dimen168
\TX@delta=\dimen169
\TX@cols=\count272
\TX@ftn=\toks22
)
(/usr/local/texlive/2020/texmf-dist/tex/latex/graphics/graphicx.sty
Package: graphicx 2019/11/30 v1.2a Enhanced LaTeX Graphics (DPC,SPQR)

(/usr/local/texlive/2020/texmf-dist/tex/latex/graphics/graphics.sty
Package: graphics 2019/11/30 v1.4a Standard LaTeX Graphics (DPC,SPQR)

(/usr/local/texlive/2020/texmf-dist/tex/latex/graphics/trig.sty
Package: trig 2016/01/03 v1.10 sin cos tan (DPC)
)
(/usr/local/texlive/2020/texmf-dist/tex/latex/graphics-cfg/graphics.cfg
File: graphics.cfg 2016/06/04 v1.11 sample graphics configuration
)
Package graphics Info: Driver file: pdftex.def on input line 105.
)
\Gin@req@height=\dimen170
\Gin@req@width=\dimen171
)
(/usr/local/texlive/2020/texmf-dist/tex/latex/epstopdf-pkg/epstopdf.sty
Package: epstopdf 2020-01-24 v2.11 Conversion with epstopdf on the fly (HO)

(/usr/local/texlive/2020/texmf-dist/tex/latex/grfext/grfext.sty
Package: grfext 2019/12/03 v1.3 Manage graphics extensions (HO)
)
(/usr/local/texlive/2020/texmf-dist/tex/latex/epstopdf-pkg/epstopdf-base.sty
Package: epstopdf-base 2020-01-24 v2.11 Base part for package epstopdf
Package epstopdf-base Info: Redefining graphics rule for `.eps' on input line 4
85.
Package grfext Info: Graphics extension search list:
(grfext)             [.pdf,.png,.jpg,.mps,.jpeg,.jbig2,.jb2,.PDF,.PNG,.JPG,.JPE
G,.JBIG2,.JB2,.eps]
(grfext)             \AppendGraphicsExtensions on input line 504.

(/usr/local/texlive/2020/texmf-dist/tex/latex/latexconfig/epstopdf-sys.cfg
File: epstopdf-sys.cfg 2010/07/13 v1.3 Configuration of (r)epstopdf for TeX Liv
e
)))
(/usr/local/texlive/2020/texmf-dist/tex/latex/l3backend/l3backend-pdfmode.def
File: l3backend-pdfmode.def 2020-03-12 L3 backend support: PDF mode
\l__kernel_color_stack_int=\count273
\l__pdf_internal_box=\box49
)
(./vaxxmisinfo_latex.aux

LaTeX Warning: Label `fig:ns_m2tfidf' multiply defined.


LaTeX Warning: Label `sub@fig:ns_m2tfidf' multiply defined.


LaTeX Warning: Label `fig:trendbytime' multiply defined.

)
\openout1 = `vaxxmisinfo_latex.aux'.

LaTeX Font Info:    Checking defaults for OML/cmm/m/it on input line 28.
LaTeX Font Info:    ... okay on input line 28.
LaTeX Font Info:    Checking defaults for OMS/cmsy/m/n on input line 28.
LaTeX Font Info:    ... okay on input line 28.
LaTeX Font Info:    Checking defaults for OT1/cmr/m/n on input line 28.
LaTeX Font Info:    ... okay on input line 28.
LaTeX Font Info:    Checking defaults for T1/cmr/m/n on input line 28.
LaTeX Font Info:    ... okay on input line 28.
LaTeX Font Info:    Checking defaults for TS1/cmr/m/n on input line 28.
LaTeX Font Info:    ... okay on input line 28.
LaTeX Font Info:    Checking defaults for OMX/cmex/m/n on input line 28.
LaTeX Font Info:    ... okay on input line 28.
LaTeX Font Info:    Checking defaults for U/cmr/m/n on input line 28.
LaTeX Font Info:    ... okay on input line 28.
LaTeX Font Info:    Checking defaults for PD1/pdf/m/n on input line 28.
LaTeX Font Info:    ... okay on input line 28.
 (/usr/local/texlive/2020/texmf-dist/tex/context/base/mkii/supp-pdf.mkii
[Loading MPS to PDF converter (version 2006.09.02).]
\scratchcounter=\count274
\scratchdimen=\dimen172
\scratchbox=\box50
\nofMPsegments=\count275
\nofMParguments=\count276
\everyMPshowfont=\toks23
\MPscratchCnt=\count277
\MPscratchDim=\dimen173
\MPnumerator=\count278
\makeMPintoPDFobject=\count279
\everyMPtoPDFconversion=\toks24
)
\AtBeginShipoutBox=\box51
Package hyperref Info: Link coloring ON on input line 28.
 (/usr/local/texlive/2020/texmf-dist/tex/latex/hyperref/nameref.sty
Package: nameref 2019/09/16 v2.46 Cross-referencing by name of section

(/usr/local/texlive/2020/texmf-dist/tex/latex/refcount/refcount.sty
Package: refcount 2019/12/15 v3.6 Data extraction from label references (HO)
)
(/usr/local/texlive/2020/texmf-dist/tex/generic/gettitlestring/gettitlestring.s
ty
Package: gettitlestring 2019/12/15 v1.6 Cleanup title references (HO)
)
\c@section@level=\count280
)
LaTeX Info: Redefining \ref on input line 28.
LaTeX Info: Redefining \pageref on input line 28.
LaTeX Info: Redefining \nameref on input line 28.
 (./vaxxmisinfo_latex.out) (./vaxxmisinfo_latex.out)
\@outlinefile=\write3
\openout3 = `vaxxmisinfo_latex.out'.

LaTeX Font Info:    Trying to load font information for U+msa on input line 31.


(/usr/local/texlive/2020/texmf-dist/tex/latex/amsfonts/umsa.fd
File: umsa.fd 2013/01/14 v3.01 AMS symbols A
)
LaTeX Font Info:    Trying to load font information for U+msb on input line 31.


(/usr/local/texlive/2020/texmf-dist/tex/latex/amsfonts/umsb.fd
File: umsb.fd 2013/01/14 v3.01 AMS symbols B
)
LaTeX Font Info:    Trying to load font information for U+lasy on input line 31
.

(/usr/local/texlive/2020/texmf-dist/tex/latex/base/ulasy.fd
File: ulasy.fd 1998/08/17 v2.2e LaTeX symbol font definitions
) [1

{/usr/local/texlive/2020/texmf-var/fonts/map/pdftex/updmap/pdftex.map}]
(./vaxxmisinfo_latex.toc)
\tf@toc=\write4
\openout4 = `vaxxmisinfo_latex.toc'.

 [2] [3] [4] [5]
Overfull \hbox (0.2828pt too wide) in paragraph at lines 109--110
[]\OT1/cmr/m/n/12 To ef-fec-tively gather the URL web con-tent,BeautifulSoup(v.
 4.9.0) [][]doc-u-men-ta-tion[][] ([][]2020[][]),
 []

[6]
<figures/tweet_hydration.png, id=249, 746.03719pt x 449.42906pt>
File: figures/tweet_hydration.png Graphic file (type png)
<use figures/tweet_hydration.png>
Package pdftex.def Info: figures/tweet_hydration.png  used on input line 138.
(pdftex.def)             Requested size: 352.31625pt x 212.23976pt.
<figures/fig_word_cloud.png, id=251, 1445.4pt x 722.7pt>
File: figures/fig_word_cloud.png Graphic file (type png)
<use figures/fig_word_cloud.png>
Package pdftex.def Info: figures/fig_word_cloud.png  used on input line 145.
(pdftex.def)             Requested size: 469.75502pt x 234.87471pt.
 [7 <./figures/tweet_hydration.png>]
<figures/data_prepro.png, id=263, 872.50969pt x 557.08125pt>
File: figures/data_prepro.png Graphic file (type png)
<use figures/data_prepro.png>
Package pdftex.def Info: figures/data_prepro.png  used on input line 159.
(pdftex.def)             Requested size: 352.31625pt x 224.94514pt.
<figures/json2df.png, id=265, 926.71219pt x 408.77719pt>
File: figures/json2df.png Graphic file (type png)
<use figures/json2df.png>
Package pdftex.def Info: figures/json2df.png  used on input line 178.
(pdftex.def)             Requested size: 352.31625pt x 155.41179pt.
 [8 <./figures/fig_word_cloud.png>]
[9 <./figures/data_prepro.png> <./figures/json2df.png>]
<figures/webscraping.png, id=281, 1002.74625pt x 567.62062pt>
File: figures/webscraping.png Graphic file (type png)
<use figures/webscraping.png>
Package pdftex.def Info: figures/webscraping.png  used on input line 195.
(pdftex.def)             Requested size: 352.31625pt x 199.43237pt.
 [10 <./figures/webscraping.png>]
<figures/text_cleaning.png, id=288, 870.25125pt x 436.63126pt>
File: figures/text_cleaning.png Graphic file (type png)
<use figures/text_cleaning.png>
Package pdftex.def Info: figures/text_cleaning.png  used on input line 230.
(pdftex.def)             Requested size: 352.31625pt x 176.76807pt.
 [11]
Underfull \hbox (badness 2426) in paragraph at lines 294--294
\OT1/cmr/m/n/12 vac-ci-na-tion, ex-pect a
 []


Underfull \hbox (badness 10000) in paragraph at lines 294--294
[]|\OT1/cmr/m/n/12 Neutral sen-ti-ment
 []


Underfull \hbox (badness 1152) in paragraph at lines 294--294
\OT1/cmr/m/n/12 tweets { no mis-in-for-
 []


Underfull \hbox (badness 4954) in paragraph at lines 294--294
[]|\OT1/cmr/m/n/12 Content that nei-ther
 []


Underfull \hbox (badness 10000) in paragraph at lines 294--294
[]|\OT1/cmr/m/n/12 Perceived risk and
 []


Underfull \hbox (badness 10000) in paragraph at lines 294--294
\OT1/cmr/m/n/12 sever-ity of get-ting
 []


Underfull \hbox (badness 10000) in paragraph at lines 294--294
[]|\OT1/cmr/m/it/12 My baby ex-pe-ri-ence
 []


Underfull \hbox (badness 2027) in paragraph at lines 294--294
\OT1/cmr/m/it/12 seizures af-ter she re-
 []


Underfull \hbox (badness 4859) in paragraph at lines 294--294
\OT1/cmr/m/it/12 ceived 6 shots in 2
 []


Underfull \hbox (badness 3098) in paragraph at lines 294--294
[]|\OT1/cmr/m/n/12 Vaccines in-crease the
 []


Underfull \hbox (badness 10000) in paragraph at lines 294--294
[]|\OT1/cmr/m/n/12 Perceived risk and
 []


Underfull \hbox (badness 10000) in paragraph at lines 294--294
\OT1/cmr/m/n/12 sever-ity of get-ting
 []


Underfull \hbox (badness 10000) in paragraph at lines 294--294
[]|\OT1/cmr/m/it/12 HPV shots made
 []


Underfull \hbox (badness 10000) in paragraph at lines 294--294
\OT1/cmr/m/it/12 women in Den-mark
 []


Underfull \hbox (badness 7186) in paragraph at lines 294--294
[]|\OT1/cmr/m/n/12 Natural im-mu-nity is
 []


Underfull \hbox (badness 6842) in paragraph at lines 294--294
\OT1/cmr/m/n/12 bet-ter than ar-ti-fi-cial
 []


Underfull \hbox (badness 1281) in paragraph at lines 294--294
[]|\OT1/cmr/m/n/12 More vac-ci-nated than
 []


Underfull \hbox (badness 1552) in paragraph at lines 294--294
\OT1/cmr/m/n/12 sick, vac-cines do not
 []


Underfull \hbox (badness 1874) in paragraph at lines 294--294
[]|\OT1/cmr/m/n/12 Ideology and con-spir-
 []


Underfull \hbox (badness 10000) in paragraph at lines 294--294
[]|\OT1/cmr/m/it/12 Pharmaceuticals are
 []


Underfull \hbox (badness 10000) in paragraph at lines 294--294
\OT1/cmr/m/it/12 ramp-ing up vac-cine
 []


Underfull \hbox (badness 10000) in paragraph at lines 294--294
\OT1/cmr/m/it/12 cre-ation, covid-19 is
 []


Underfull \hbox (badness 1874) in paragraph at lines 294--294
[]|\OT1/cmr/m/n/12 Ideology and con-spir-
 []


Underfull \hbox (badness 5832) in paragraph at lines 294--294
[]|\OT1/cmr/m/it/12 Bill Gates is killing
 []


Underfull \hbox (badness 10000) in paragraph at lines 294--294
\OT1/cmr/m/it/12 mil-lions of in-no-cent
 []


Underfull \hbox (badness 4144) in paragraph at lines 294--294
\OT1/cmr/m/it/12 African chil-dren with
 []


Underfull \hbox (badness 5105) in paragraph at lines 294--294
\OT1/cmr/m/n/12 long to any of the
 []

[12 <./figures/text_cleaning.png>]
<figures/cm_sample.png, id=312, 130.4875pt x 127.47626pt>
File: figures/cm_sample.png Graphic file (type png)
<use figures/cm_sample.png>
Package pdftex.def Info: figures/cm_sample.png  used on input line 336.
(pdftex.def)             Requested size: 130.48717pt x 127.47594pt.
<figures/cm_5class.png, id=313, 218.8175pt x 188.705pt>
File: figures/cm_5class.png Graphic file (type png)
<use figures/cm_5class.png>
Package pdftex.def Info: figures/cm_5class.png  used on input line 340.
(pdftex.def)             Requested size: 148.79391pt x 128.31769pt.

Underfull \hbox (badness 1194) in paragraph at lines 362--362
[]|\OT1/cmr/m/n/12 Number of cor-rectly iden-ti-fied
 []


Underfull \hbox (badness 1194) in paragraph at lines 362--362
[]|\OT1/cmr/m/n/12 Number of cor-rectly iden-ti-fied
 []


Underfull \hbox (badness 1194) in paragraph at lines 362--362
[]|\OT1/cmr/m/n/12 Number of cor-rectly iden-ti-fied
 []

[13 <./figures/cm_sample.png> <./figures/cm_5class.png>] [14] [15] [16]
<figures/ml_train.png, id=340, 1020.81375pt x 581.92406pt>
File: figures/ml_train.png Graphic file (type png)
<use figures/ml_train.png>
Package pdftex.def Info: figures/ml_train.png  used on input line 402.
(pdftex.def)             Requested size: 469.75502pt x 267.79486pt.

[17 <./figures/ml_train.png>] [18] [19]
<figures/bow.png, id=367, 469.755pt x 113.42375pt>
File: figures/bow.png Graphic file (type png)
<use figures/bow.png>
Package pdftex.def Info: figures/bow.png  used on input line 525.
(pdftex.def)             Requested size: 469.75502pt x 113.42346pt.
 [20 <./figures/bow.png>]
<figures/us_m1bow.png, id=375, 722.7pt x 361.35pt>
File: figures/us_m1bow.png Graphic file (type png)
<use figures/us_m1bow.png>
Package pdftex.def Info: figures/us_m1bow.png  used on input line 550.
(pdftex.def)             Requested size: 216.81166pt x 108.40584pt.
<figures/ns_m1bow.png, id=376, 722.7pt x 361.35pt>
File: figures/ns_m1bow.png Graphic file (type png)
<use figures/ns_m1bow.png>
Package pdftex.def Info: figures/ns_m1bow.png  used on input line 554.
(pdftex.def)             Requested size: 216.81166pt x 108.40584pt.
<figures/us_m1tfidf.png, id=377, 722.7pt x 361.35pt>
File: figures/us_m1tfidf.png Graphic file (type png)
<use figures/us_m1tfidf.png>
Package pdftex.def Info: figures/us_m1tfidf.png  used on input line 558.
(pdftex.def)             Requested size: 216.81166pt x 108.40584pt.
<figures/ns_m1tfidf.png, id=378, 722.7pt x 361.35pt>
File: figures/ns_m1tfidf.png Graphic file (type png)
<use figures/ns_m1tfidf.png>
Package pdftex.def Info: figures/ns_m1tfidf.png  used on input line 562.
(pdftex.def)             Requested size: 216.81166pt x 108.40584pt.
<figures/us_m1cm.png, id=379, 433.62pt x 289.08pt>
File: figures/us_m1cm.png Graphic file (type png)
<use figures/us_m1cm.png>
Package pdftex.def Info: figures/us_m1cm.png  used on input line 566.
(pdftex.def)             Requested size: 216.80946pt x 144.53964pt.
<figures/ns_m1cm.png, id=380, 433.62pt x 289.08pt>
File: figures/ns_m1cm.png Graphic file (type png)
<use figures/ns_m1cm.png>
Package pdftex.def Info: figures/ns_m1cm.png  used on input line 570.
(pdftex.def)             Requested size: 216.80946pt x 144.53964pt.
<figures/us_m2bow.png, id=381, 722.7pt x 361.35pt>
File: figures/us_m2bow.png Graphic file (type png)
<use figures/us_m2bow.png>
Package pdftex.def Info: figures/us_m2bow.png  used on input line 585.
(pdftex.def)             Requested size: 216.81166pt x 108.40584pt.
<figures/ns_m2bow.png, id=382, 722.7pt x 361.35pt>
File: figures/ns_m2bow.png Graphic file (type png)
<use figures/ns_m2bow.png>
Package pdftex.def Info: figures/ns_m2bow.png  used on input line 589.
(pdftex.def)             Requested size: 216.81166pt x 108.40584pt.
<figures/us_m2tfidf.png, id=383, 722.7pt x 361.35pt>
File: figures/us_m2tfidf.png Graphic file (type png)
<use figures/us_m2tfidf.png>
Package pdftex.def Info: figures/us_m2tfidf.png  used on input line 593.
(pdftex.def)             Requested size: 216.81166pt x 108.40584pt.
<figures/ns_m2tfidf.png, id=384, 722.7pt x 361.35pt>
File: figures/ns_m2tfidf.png Graphic file (type png)
<use figures/ns_m2tfidf.png>
Package pdftex.def Info: figures/ns_m2tfidf.png  used on input line 597.
(pdftex.def)             Requested size: 216.81166pt x 108.40584pt.
<figures/us_m2cm.png, id=385, 433.62pt x 289.08pt>
File: figures/us_m2cm.png Graphic file (type png)
<use figures/us_m2cm.png>
Package pdftex.def Info: figures/us_m2cm.png  used on input line 601.
(pdftex.def)             Requested size: 216.80946pt x 144.53964pt.
<figures/ns_m2cm.png, id=386, 433.62pt x 289.08pt>
File: figures/ns_m2cm.png Graphic file (type png)
<use figures/ns_m2cm.png>
Package pdftex.def Info: figures/ns_m2cm.png  used on input line 605.
(pdftex.def)             Requested size: 216.80946pt x 144.53964pt.
<figures/us_m3bow.png, id=387, 722.7pt x 361.35pt>
File: figures/us_m3bow.png Graphic file (type png)
<use figures/us_m3bow.png>
Package pdftex.def Info: figures/us_m3bow.png  used on input line 623.
(pdftex.def)             Requested size: 216.81166pt x 108.40584pt.
<figures/ns_m3bow.png, id=388, 722.7pt x 361.35pt>
File: figures/ns_m3bow.png Graphic file (type png)
<use figures/ns_m3bow.png>
Package pdftex.def Info: figures/ns_m3bow.png  used on input line 627.
(pdftex.def)             Requested size: 216.81166pt x 108.40584pt.
<figures/us_m3tfidf.png, id=389, 722.7pt x 361.35pt>
File: figures/us_m3tfidf.png Graphic file (type png)
<use figures/us_m3tfidf.png>
Package pdftex.def Info: figures/us_m3tfidf.png  used on input line 631.
(pdftex.def)             Requested size: 216.81166pt x 108.40584pt.
<figures/ns_m3tfidf.png, id=390, 722.7pt x 361.35pt>
File: figures/ns_m3tfidf.png Graphic file (type png)
<use figures/ns_m3tfidf.png>
Package pdftex.def Info: figures/ns_m3tfidf.png  used on input line 635.
(pdftex.def)             Requested size: 216.81166pt x 108.40584pt.
<figures/us_m3cm.png, id=391, 433.62pt x 289.08pt>
File: figures/us_m3cm.png Graphic file (type png)
<use figures/us_m3cm.png>
Package pdftex.def Info: figures/us_m3cm.png  used on input line 639.
(pdftex.def)             Requested size: 216.80946pt x 144.53964pt.
<figures/ns_m3cm.png, id=392, 433.62pt x 289.08pt>
File: figures/ns_m3cm.png Graphic file (type png)
<use figures/ns_m3cm.png>
Package pdftex.def Info: figures/ns_m3cm.png  used on input line 643.
(pdftex.def)             Requested size: 216.80946pt x 144.53964pt.
<figures/us_m4bow.png, id=393, 722.7pt x 361.35pt>
File: figures/us_m4bow.png Graphic file (type png)
<use figures/us_m4bow.png>
Package pdftex.def Info: figures/us_m4bow.png  used on input line 658.
(pdftex.def)             Requested size: 216.81166pt x 108.40584pt.
<figures/ns_m4bow.png, id=394, 722.7pt x 361.35pt>
File: figures/ns_m4bow.png Graphic file (type png)
<use figures/ns_m4bow.png>
Package pdftex.def Info: figures/ns_m4bow.png  used on input line 662.
(pdftex.def)             Requested size: 216.81166pt x 108.40584pt.
<figures/us_m4tfidf.png, id=395, 722.7pt x 361.35pt>
File: figures/us_m4tfidf.png Graphic file (type png)
<use figures/us_m4tfidf.png>
Package pdftex.def Info: figures/us_m4tfidf.png  used on input line 666.
(pdftex.def)             Requested size: 216.81166pt x 108.40584pt.
<figures/ns_m4tfidf.png, id=396, 722.7pt x 361.35pt>
File: figures/ns_m4tfidf.png Graphic file (type png)
<use figures/ns_m4tfidf.png>
Package pdftex.def Info: figures/ns_m4tfidf.png  used on input line 670.
(pdftex.def)             Requested size: 216.81166pt x 108.40584pt.
<figures/us_m4cm.png, id=397, 433.62pt x 289.08pt>
File: figures/us_m4cm.png Graphic file (type png)
<use figures/us_m4cm.png>
Package pdftex.def Info: figures/us_m4cm.png  used on input line 674.
(pdftex.def)             Requested size: 216.80946pt x 144.53964pt.
<figures/ns_m4cm.png, id=398, 433.62pt x 289.08pt>
File: figures/ns_m4cm.png Graphic file (type png)
<use figures/ns_m4cm.png>
Package pdftex.def Info: figures/ns_m4cm.png  used on input line 678.
(pdftex.def)             Requested size: 216.80946pt x 144.53964pt.
<figures/us_m5bow.png, id=399, 722.7pt x 361.35pt>
File: figures/us_m5bow.png Graphic file (type png)
<use figures/us_m5bow.png>
Package pdftex.def Info: figures/us_m5bow.png  used on input line 696.
(pdftex.def)             Requested size: 216.81166pt x 108.40584pt.
<figures/ns_m5bow.png, id=400, 722.7pt x 361.35pt>
File: figures/ns_m5bow.png Graphic file (type png)
<use figures/ns_m5bow.png>
Package pdftex.def Info: figures/ns_m5bow.png  used on input line 700.
(pdftex.def)             Requested size: 216.81166pt x 108.40584pt.
<figures/us_m5tfidf.png, id=401, 722.7pt x 361.35pt>
File: figures/us_m5tfidf.png Graphic file (type png)
<use figures/us_m5tfidf.png>
Package pdftex.def Info: figures/us_m5tfidf.png  used on input line 704.
(pdftex.def)             Requested size: 216.81166pt x 108.40584pt.
<figures/ns_m5tfidf.png, id=402, 722.7pt x 361.35pt>
File: figures/ns_m5tfidf.png Graphic file (type png)
<use figures/ns_m5tfidf.png>
Package pdftex.def Info: figures/ns_m5tfidf.png  used on input line 708.
(pdftex.def)             Requested size: 216.81166pt x 108.40584pt.
<figures/us_m5cm.png, id=403, 433.62pt x 289.08pt>
File: figures/us_m5cm.png Graphic file (type png)
<use figures/us_m5cm.png>
Package pdftex.def Info: figures/us_m5cm.png  used on input line 712.
(pdftex.def)             Requested size: 216.80946pt x 144.53964pt.
<figures/ns_m5cm.png, id=404, 433.62pt x 289.08pt>
File: figures/ns_m5cm.png Graphic file (type png)
<use figures/ns_m5cm.png>
Package pdftex.def Info: figures/ns_m5cm.png  used on input line 716.
(pdftex.def)             Requested size: 216.80946pt x 144.53964pt.
 [21] [22 <./figures/us_m1bow.png> <./figures/ns_m1bow.png> <./figures/us_m1tfi
df.png> <./figures/ns_m1tfidf.png> <./figures/us_m1cm.png> <./figures/ns_m1cm.p
ng>] [23 <./figures/us_m2bow.png> <./figures/ns_m2bow.png> <./figures/us_m2tfid
f.png> <./figures/ns_m2tfidf.png> <./figures/us_m2cm.png> <./figures/ns_m2cm.pn
g>] [24 <./figures/us_m3bow.png> <./figures/ns_m3bow.png> <./figures/us_m3tfidf
.png> <./figures/ns_m3tfidf.png> <./figures/us_m3cm.png> <./figures/ns_m3cm.png
>] [25 <./figures/us_m4bow.png> <./figures/ns_m4bow.png> <./figures/us_m4tfidf.
png> <./figures/ns_m4tfidf.png> <./figures/us_m4cm.png> <./figures/ns_m4cm.png>
] [26 <./figures/us_m5bow.png> <./figures/ns_m5bow.png> <./figures/us_m5tfidf.p
ng> <./figures/ns_m5tfidf.png> <./figures/us_m5cm.png> <./figures/ns_m5cm.png>]
 [27] [28]
<figures/db_sample.png, id=511, 1281.28688pt x 670.00313pt>
File: figures/db_sample.png Graphic file (type png)
<use figures/db_sample.png>
Package pdftex.def Info: figures/db_sample.png  used on input line 803.
(pdftex.def)             Requested size: 469.75502pt x 245.6379pt.

[29 <./figures/db_sample.png>] [30] [31]
<figures/trendbytime.png, id=531, 1029.8475pt x 606.76688pt>
File: figures/trendbytime.png Graphic file (type png)
<use figures/trendbytime.png>
Package pdftex.def Info: figures/trendbytime.png  used on input line 877.
(pdftex.def)             Requested size: 411.9317pt x 242.70245pt.
<figures/trendbytimelegend.png, id=532, 109.40875pt x 50.1875pt>
File: figures/trendbytimelegend.png Graphic file (type png)
<use figures/trendbytimelegend.png>
Package pdftex.def Info: figures/trendbytimelegend.png  used on input line 881.

(pdftex.def)             Requested size: 76.58559pt x 35.131pt.
<figures/country.png, id=534, 928.21782pt x 619.56468pt>
File: figures/country.png Graphic file (type png)
<use figures/country.png>
Package pdftex.def Info: figures/country.png  used on input line 893.
(pdftex.def)             Requested size: 375.80544pt x 250.84668pt.
<figures/users.png, id=536, 951.555pt x 615.80063pt>
File: figures/users.png Graphic file (type png)
<use figures/users.png>
Package pdftex.def Info: figures/users.png  used on input line 904.
(pdftex.def)             Requested size: 375.80544pt x 243.20569pt.
 [32 <./figures/trendbytime.png> <./figures/trendbytimelegend.png>] [33 <./figu
res/country.png> <./figures/users.png>]
<figures/most_rt.png, id=559, 930.47626pt x 608.2725pt>
File: figures/most_rt.png Graphic file (type png)
<use figures/most_rt.png>
Package pdftex.def Info: figures/most_rt.png  used on input line 915.
(pdftex.def)             Requested size: 375.80544pt x 245.67146pt.
<figures/topcan.png, id=561, 926.71219pt x 397.485pt>
File: figures/topcan.png Graphic file (type png)
<use figures/topcan.png>
Package pdftex.def Info: figures/topcan.png  used on input line 925.
(pdftex.def)             Requested size: 469.75502pt x 201.4895pt.

Underfull \hbox (badness 10000) in paragraph at lines 931--932

 []

[34 <./figures/most_rt.png>] [35 <./figures/topcan.png>]
Underfull \hbox (badness 10000) in paragraph at lines 940--941

 []

[36] [37] [38] (./vaxxmisinfo_latex.bbl
Underfull \hbox (badness 3168) in paragraph at lines 43--45
[]\OT1/cmr/m/n/12 documentation, Beau-ti-ful Soup 4.9.0. 2020.  [][]$\OT1/cmtt/
m/n/12 https : / / www . crummy . com / software /
 []

[39]
Underfull \hbox (badness 10000) in paragraph at lines 155--159
[]\OT1/cmr/m/n/12 WHO. 2020.  Who and unicef warn of a de-cline in vac-ci-na-
 []


Underfull \hbox (badness 10000) in paragraph at lines 155--159
\OT1/cmr/m/n/12 tions dur-ing covid-19.  [][]$\OT1/cmtt/m/n/12 https : / / www 
. who . int / news-[]room / detail /
 []


Overfull \hbox (15.38394pt too wide) in paragraph at lines 155--159
\OT1/cmtt/m/n/12 15-[]07-[]2020-[]who-[]and-[]unicef-[]warn-[]of-[]a-[]decline-
[]in-[]vaccinations-[]during-[]covid-[]19$[][]\OT1/cmr/m/n/12 . 
 []

)
Package atveryend Info: Empty hook `BeforeClearDocument' on input line 1008.
 [40]
Package atveryend Info: Empty hook `AfterLastShipout' on input line 1008.
 (./vaxxmisinfo_latex.aux)
Package atveryend Info: Executing hook `AtVeryEndDocument' on input line 1008.
Package atveryend Info: Executing hook `AtEndAfterFileList' on input line 1008.

Package rerunfilecheck Info: File `vaxxmisinfo_latex.out' has not changed.
(rerunfilecheck)             Checksum: AD0157BB1B98F1F2CF0EB2C9D29CF2F6;1910.


LaTeX Warning: There were multiply-defined labels.

Package atveryend Info: Empty hook `AtVeryVeryEnd' on input line 1008.
 ) 
Here is how much of TeX's memory you used:
 7835 strings out of 480608
 117705 string characters out of 5903631
 387161 words of memory out of 5000000
 23336 multiletter control sequences out of 15000+600000
 545483 words of font info for 78 fonts, out of 8000000 for 9000
 1141 hyphenation exceptions out of 8191
 34i,15n,29p,1095b,447s stack positions out of 5000i,500n,10000p,200000b,80000s
pdfTeX warning (dest): name{Hfootnote.3} has been referenced but does not exi
st, replaced by a fixed one

{/usr/local/texlive/2020/texmf-dist/fonts/enc/dvips/cm-super/cm-super-ts1.enc}<
/usr/local/texlive/2020/texmf-dist/fonts/type1/public/amsfonts/cm/cmbx10.pfb></
usr/local/texlive/2020/texmf-dist/fonts/type1/public/amsfonts/cm/cmbx12.pfb></u
sr/local/texlive/2020/texmf-dist/fonts/type1/public/amsfonts/cm/cmmi12.pfb></us
r/local/texlive/2020/texmf-dist/fonts/type1/public/amsfonts/cm/cmr10.pfb></usr/
local/texlive/2020/texmf-dist/fonts/type1/public/amsfonts/cm/cmr12.pfb></usr/lo
cal/texlive/2020/texmf-dist/fonts/type1/public/amsfonts/cm/cmr17.pfb></usr/loca
l/texlive/2020/texmf-dist/fonts/type1/public/amsfonts/cm/cmr7.pfb></usr/local/t
exlive/2020/texmf-dist/fonts/type1/public/amsfonts/cm/cmr8.pfb></usr/local/texl
ive/2020/texmf-dist/fonts/type1/public/amsfonts/cm/cmti10.pfb></usr/local/texli
ve/2020/texmf-dist/fonts/type1/public/amsfonts/cm/cmti12.pfb></usr/local/texliv
e/2020/texmf-dist/fonts/type1/public/amsfonts/cm/cmtt10.pfb></usr/local/texlive
/2020/texmf-dist/fonts/type1/public/amsfonts/cm/cmtt12.pfb></usr/local/texlive/
2020/texmf-dist/fonts/type1/public/cm-super/sfrm0700.pfb></usr/local/texlive/20
20/texmf-dist/fonts/type1/public/cm-super/sfrm1000.pfb></usr/local/texlive/2020
/texmf-dist/fonts/type1/public/cm-super/sfrm1200.pfb>
Output written on vaxxmisinfo_latex.pdf (40 pages, 8679717 bytes).
PDF statistics:
 723 PDF objects out of 1000 (max. 8388607)
 564 compressed objects within 6 object streams
 181 named destinations out of 1000 (max. 500000)
 468 words of extra memory for PDF output out of 10000 (max. 10000000)

